C51 COMPILER V9.57.0.0   ADC                                                               05/09/2018 20:01:12 PAGE 1   


C51 COMPILER V9.57.0.0, COMPILATION OF MODULE ADC
OBJECT MODULE PLACED IN .\Objects\ADC.obj
COMPILER INVOKED BY: C:\Keil_v5\C51\BIN\C51.EXE ADC.c COMPACT OPTIMIZE(8,SPEED) BROWSE DEBUG OBJECTEXTEND PRINT(.\Listin
                    -gs\ADC.lst) TABS(2) OBJECT(.\Objects\ADC.obj)

line level    source

   1          #include "ADC.h"
   2          #include "reg52.h" 
   3          #include "stdio.h"
   4          #include "intrins.h"
   5          //#include "SRC/oled.h"
   6          
   7          sbit adcclock=P1^0;
   8          sbit adcstart=P1^1;
   9          sbit adceoc=P1^2;
  10          sbit adcoe=P1^3;
  11          sbit adcale=P1^4;
  12          sbit adcaddra=P1^5;
  13          sbit adcaddrb=P1^6;
  14          sbit adcaddrc=P1^7;
  15          
  16          void clockdelay(int z)
  17          {
  18   1        int x,y;
  19   1        for(x=z;x>0;x--)
  20   1          for(y=110;y>0;y--)
  21   1        {
  22   2          adcclock=0;
  23   2          _nop_();
  24   2          //_nop_();
  25   2          adcclock=1;
  26   2        }
  27   1        
  28   1      }
  29          int ReadADC(char port)
  30          {
  31   1        unsigned char value;
  32   1        int v;
  33   1        char str[8];
  34   1        //OLED_ShowString(0,4,"START");
  35   1          
  36   1        adcaddra=(port<<7)>>7;
  37   1        adcaddrb=(port<<6)>>7;
  38   1        adcaddrc=(port<<5)>>7;
  39   1        adcale=0;
  40   1        _nop_();
  41   1        _nop_();
  42   1        _nop_();
  43   1        adcale=1;
  44   1        
  45   1        
  46   1        adcoe=0;
  47   1        _nop_();
  48   1        _nop_();
  49   1        _nop_();
  50   1        adcoe=1;
  51   1        _nop_();
  52   1        _nop_();
  53   1        adcstart=1;
  54   1        clockdelay(2);
C51 COMPILER V9.57.0.0   ADC                                                               05/09/2018 20:01:12 PAGE 2   

  55   1        adcstart=0;
  56   1        _nop_();
  57   1        while(adceoc==0)
  58   1        {
  59   2          clockdelay(2);
  60   2        }
  61   1        //OLED_ShowString(0,4,"FINISH");  
  62   1        
  63   1        clockdelay(5);
  64   1        value=P2;
  65   1        
  66   1      
  67   1        return value;
  68   1        
  69   1      }
*** WARNING C280 IN LINE 32 OF ADC.c: 'v': unreferenced local variable
*** WARNING C280 IN LINE 33 OF ADC.c: 'str': unreferenced local variable


MODULE INFORMATION:   STATIC OVERLAYABLE
   CODE SIZE        =    183    ----
   CONSTANT SIZE    =   ----    ----
   XDATA SIZE       =   ----    ----
   PDATA SIZE       =   ----      10
   DATA SIZE        =   ----    ----
   IDATA SIZE       =   ----    ----
   BIT SIZE         =   ----    ----
END OF MODULE INFORMATION.


C51 COMPILATION COMPLETE.  2 WARNING(S),  0 ERROR(S)
