C51 COMPILER V9.57.0.0   DS18B20                                                           05/09/2018 20:01:12 PAGE 1   


C51 COMPILER V9.57.0.0, COMPILATION OF MODULE DS18B20
OBJECT MODULE PLACED IN .\Objects\DS18B20.obj
COMPILER INVOKED BY: C:\Keil_v5\C51\BIN\C51.EXE DS18B20.c COMPACT OPTIMIZE(8,SPEED) BROWSE DEBUG OBJECTEXTEND PRINT(.\Li
                    -stings\DS18B20.lst) TABS(2) OBJECT(.\Objects\DS18B20.obj)

line level    source

   1          #include "reg52.h" 
   2          #include "DS18B20.h"
   3          #define uchar unsigned char
   4          #define uint unsigned int
   5          uint DD;
   6          sbit DQ=P0^6;
   7          unsigned int temputer;
   8          
   9          /*****?????*****/
  10          void Delay_DS18B20(int num)
  11          {
  12   1         while(num--) ;
  13   1      }
  14          
  15          /*****???DS18B20*****/
  16          void Init_DS18B20(void)
  17          {
  18   1         unsigned char x=0;
  19   1         DQ = 1;          //DQ??
  20   1         Delay_DS18B20(2);   //????
  21   1         DQ = 0;          //????DQ??
  22   1         Delay_DS18B20(80); //????,??480us
  23   1         DQ = 1;          //????
  24   1         Delay_DS18B20(14);
  25   1         x = DQ;            //?????,??x=0??????,x=1??????
  26   1         Delay_DS18B20(20);
  27   1      }
  28          /*****?????*****/
  29          unsigned char ReadOneChar(void)
  30          {
  31   1         unsigned char i=0;
  32   1         unsigned char dat = 0;
  33   1         for (i=8;i>0;i--)
  34   1         {
  35   2         DQ = 0;     // ?????
  36   2         dat>>=1;
  37   2         DQ = 1;     // ?????
  38   2         if(DQ)
  39   2         dat|=0x80;
  40   2         Delay_DS18B20(8);
  41   2         }
  42   1         return(dat);
  43   1      }
  44          /*****?????*****/
  45          void WriteOneChar(unsigned char dat)
  46          {
  47   1         unsigned char i=0;
  48   1         for (i=8; i>0; i--)
  49   1         {
  50   2         DQ = 0;
  51   2         DQ = dat&0x01;
  52   2         Delay_DS18B20(10);
  53   2         DQ = 1;
  54   2         dat>>=1;
C51 COMPILER V9.57.0.0   DS18B20                                                           05/09/2018 20:01:12 PAGE 2   

  55   2         }
  56   1      }
  57          /*****????*****/
  58          unsigned int ReadTemperature(void)
  59          {
  60   1         unsigned char a=0;
  61   1         unsigned char b=0;
  62   1         unsigned int t=0;
  63   1         float tt=0; 
  64   1         Init_DS18B20();
  65   1      // Init_DS18B20();
  66   1         WriteOneChar(0xCC); //??????????
  67   1         WriteOneChar(0x44); //??????
  68   1         Delay_DS18B20(20);
  69   1         Init_DS18B20();
  70   1         WriteOneChar(0xCC); //??????????
  71   1         WriteOneChar(0xBE); //???????
  72   1         a=ReadOneChar();      //??8?
  73   1         b=ReadOneChar();    //??8?
  74   1         t=b;
  75   1         t<<=8;
  76   1         t=t|a;
  77   1         tt=t*0.0625;
  78   1         t= tt*10+0.5;      //??10????????
  79   1         return(t);
  80   1      }


MODULE INFORMATION:   STATIC OVERLAYABLE
   CODE SIZE        =    223    ----
   CONSTANT SIZE    =   ----    ----
   XDATA SIZE       =   ----    ----
   PDATA SIZE       =      4       4
   DATA SIZE        =   ----    ----
   IDATA SIZE       =   ----    ----
   BIT SIZE         =   ----    ----
END OF MODULE INFORMATION.


C51 COMPILATION COMPLETE.  0 WARNING(S),  0 ERROR(S)
